<?xml version="1.0" encoding="UTF-8"?>
<!-- Generated by org.testng.reporters.JUnitXMLReporter -->
<testsuite hostname="LAPTOP-893EKEF0" ignored="10" name="TestCasesPractice" tests="4" failures="0" timestamp="06 Jan 2021 23:45:17 GMT" time="74.587" errors="0">
  <testcase name="sendMessagesTest" time="3.651" classname="com.automationPOM.qa.testcases.MyAccountTest"/>
  <testcase name="sendMessagesTest" time="3.656" classname="com.automationPOM.qa.testcases.MyAccountTest"/>
  <testcase name="sendMessagesTest" time="4.033" classname="com.automationPOM.qa.testcases.MyAccountTest"/>
  <testcase name="loginPageTitleTest" time="0.034" classname="com.automationPOM.qa.testcases.LoginPageTest"/>
  <testcase name="subjectHeadingClick" time="0.0" classname="com.automationPOM.qa.testcases.MyAccountTest">
    <ignored/>
  </testcase> <!-- subjectHeadingClick -->
  <testcase name="messageAddition" time="0.0" classname="com.automationPOM.qa.testcases.MyAccountTest">
    <ignored/>
  </testcase> <!-- messageAddition -->
  <testcase name="ddlSelectTest" time="0.0" classname="com.automationPOM.qa.testcases.MyAccountTest">
    <ignored/>
  </testcase> <!-- ddlSelectTest -->
  <testcase name="searchText" time="0.0" classname="com.automationPOM.qa.testcases.MyAccountTest">
    <ignored/>
  </testcase> <!-- searchText -->
  <testcase name="addEmail" time="0.0" classname="com.automationPOM.qa.testcases.MyAccountTest">
    <ignored/>
  </testcase> <!-- addEmail -->
  <testcase name="loginTest" time="0.0" classname="com.automationPOM.qa.testcases.LoginPageTest">
    <ignored/>
  </testcase> <!-- loginTest -->
  <testcase name="verifyContactUsTitleTest" time="0.0" classname="com.automationPOM.qa.testcases.MyAccountTest">
    <ignored/>
  </testcase> <!-- verifyContactUsTitleTest -->
  <testcase name="signInClickTest" time="0.0" classname="com.automationPOM.qa.testcases.LoginPageTest">
    <ignored/>
  </testcase> <!-- signInClickTest -->
  <testcase name="titleMyAccountTest" time="0.0" classname="com.automationPOM.qa.testcases.MyAccountTest">
    <ignored/>
  </testcase> <!-- titleMyAccountTest -->
  <testcase name="logoImageTest" time="0.0" classname="com.automationPOM.qa.testcases.LoginPageTest">
    <ignored/>
  </testcase> <!-- logoImageTest -->
</testsuite> <!-- TestCasesPractice -->
