<?xml version="1.0" encoding="UTF-8"?>
<testng-results skipped="0" failed="0" ignored="10" total="14" passed="4">
  <reporter-output>
  </reporter-output>
  <suite name="AutomationPracticePOMSuite" duration-ms="74587" started-at="2021-01-06T23:44:02Z" finished-at="2021-01-06T23:45:17Z">
    <groups>
    </groups>
    <test name="TestCasesPractice" duration-ms="74587" started-at="2021-01-06T23:44:02Z" finished-at="2021-01-06T23:45:17Z">
      <class name="com.automationPOM.qa.testcases.MyAccountTest">
        <test-method status="PASS" signature="setUp()[pri:0, instance:com.automationPOM.qa.testcases.MyAccountTest@35d176f7]" name="setUp" is-config="true" duration-ms="18226" started-at="2021-01-06T23:44:04Z" finished-at="2021-01-06T23:44:22Z">
          <reporter-output>
          </reporter-output>
        </test-method> <!-- setUp -->
        <test-method status="PASS" signature="sendMessagesTest(java.lang.String, java.lang.String, java.lang.String)[pri:1, instance:com.automationPOM.qa.testcases.MyAccountTest@35d176f7]" name="sendMessagesTest" duration-ms="3651" started-at="2021-01-06T23:44:22Z" data-provider="getTestDataFromSheet" finished-at="2021-01-06T23:44:26Z">
          <params>
            <param index="0">
              <value>
                <![CDATA[Customer service]]>
              </value>
            </param>
            <param index="1">
              <value>
                <![CDATA[ank1@gmail.com]]>
              </value>
            </param>
            <param index="2">
              <value>
                <![CDATA[1.0]]>
              </value>
            </param>
          </params>
          <reporter-output>
          </reporter-output>
        </test-method> <!-- sendMessagesTest -->
        <test-method status="PASS" signature="setUp()[pri:0, instance:com.automationPOM.qa.testcases.MyAccountTest@35d176f7]" name="setUp" is-config="true" duration-ms="14132" started-at="2021-01-06T23:44:26Z" finished-at="2021-01-06T23:44:40Z">
          <reporter-output>
          </reporter-output>
        </test-method> <!-- setUp -->
        <test-method status="PASS" signature="sendMessagesTest(java.lang.String, java.lang.String, java.lang.String)[pri:1, instance:com.automationPOM.qa.testcases.MyAccountTest@35d176f7]" name="sendMessagesTest" duration-ms="3656" started-at="2021-01-06T23:44:40Z" data-provider="getTestDataFromSheet" finished-at="2021-01-06T23:44:44Z">
          <params>
            <param index="0">
              <value>
                <![CDATA[Webmaster]]>
              </value>
            </param>
            <param index="1">
              <value>
                <![CDATA[ank2@gmail.com]]>
              </value>
            </param>
            <param index="2">
              <value>
                <![CDATA[12.0]]>
              </value>
            </param>
          </params>
          <reporter-output>
          </reporter-output>
        </test-method> <!-- sendMessagesTest -->
        <test-method status="PASS" signature="setUp()[pri:0, instance:com.automationPOM.qa.testcases.MyAccountTest@35d176f7]" name="setUp" is-config="true" duration-ms="15558" started-at="2021-01-06T23:44:44Z" finished-at="2021-01-06T23:44:59Z">
          <reporter-output>
          </reporter-output>
        </test-method> <!-- setUp -->
        <test-method status="PASS" signature="sendMessagesTest(java.lang.String, java.lang.String, java.lang.String)[pri:1, instance:com.automationPOM.qa.testcases.MyAccountTest@35d176f7]" name="sendMessagesTest" duration-ms="4033" started-at="2021-01-06T23:44:59Z" data-provider="getTestDataFromSheet" finished-at="2021-01-06T23:45:03Z">
          <params>
            <param index="0">
              <value>
                <![CDATA[Webmaster]]>
              </value>
            </param>
            <param index="1">
              <value>
                <![CDATA[ank3@gmail.com]]>
              </value>
            </param>
            <param index="2">
              <value>
                <![CDATA[123.0]]>
              </value>
            </param>
          </params>
          <reporter-output>
          </reporter-output>
        </test-method> <!-- sendMessagesTest -->
      </class> <!-- com.automationPOM.qa.testcases.MyAccountTest -->
      <class name="com.automationPOM.qa.testcases.LoginPageTest">
        <test-method status="PASS" signature="setUp()[pri:0, instance:com.automationPOM.qa.testcases.LoginPageTest@551aa95a]" name="setUp" is-config="true" duration-ms="11937" started-at="2021-01-06T23:45:03Z" finished-at="2021-01-06T23:45:15Z">
          <reporter-output>
          </reporter-output>
        </test-method> <!-- setUp -->
        <test-method status="PASS" signature="loginPageTitleTest()[pri:2, instance:com.automationPOM.qa.testcases.LoginPageTest@551aa95a]" name="loginPageTitleTest" duration-ms="34" started-at="2021-01-06T23:45:15Z" finished-at="2021-01-06T23:45:15Z">
          <reporter-output>
          </reporter-output>
        </test-method> <!-- loginPageTitleTest -->
        <test-method status="PASS" signature="teardown()[pri:0, instance:com.automationPOM.qa.testcases.LoginPageTest@551aa95a]" name="teardown" is-config="true" duration-ms="1102" started-at="2021-01-06T23:45:15Z" finished-at="2021-01-06T23:45:17Z">
          <reporter-output>
          </reporter-output>
        </test-method> <!-- teardown -->
      </class> <!-- com.automationPOM.qa.testcases.LoginPageTest -->
    </test> <!-- TestCasesPractice -->
  </suite> <!-- AutomationPracticePOMSuite -->
</testng-results>
